<?xml version="1.0" encoding="UTF-8"?>
<!-- Generated by org.testng.reporters.JUnitXMLReporter -->
<testsuite ignored="4" hostname="Lenovo-A" failures="0" tests="3" name="Test" time="90.17" errors="0" timestamp="2022-02-01T11:14:54 IST">
  <testcase classname="com.vtiger.ProdVendTest.CreateVendorTest" name="vendorCreateTest" time="24.899"/>
  <testcase classname="com.vtiger.ProdVendTest.CreateProductTest" name="productCreateTest" time="10.996"/>
  <testcase classname="com.vtiger.ProdVendTest.CreateProVenEndtoEndTest" name="vendorCreate" time="19.227"/>
  <testcase classname="com.vtiger.genericUtility.BaseUtility" name="@AfterSuite dbDisConnection" time="0.0">
    <ignored/>
  </testcase> <!-- @AfterSuite dbDisConnection -->
  <testcase classname="com.vtiger.genericUtility.BaseUtility" name="@AfterSuite dbDisConnection" time="0.0">
    <ignored/>
  </testcase> <!-- @AfterSuite dbDisConnection -->
  <testcase classname="com.vtiger.genericUtility.BaseUtility" name="@BeforeSuite dbConnection" time="0.0">
    <ignored/>
  </testcase> <!-- @BeforeSuite dbConnection -->
  <testcase classname="com.vtiger.genericUtility.BaseUtility" name="@BeforeSuite dbConnection" time="0.0">
    <ignored/>
  </testcase> <!-- @BeforeSuite dbConnection -->
</testsuite> <!-- Test -->
