<?xml version="1.0" encoding="UTF-8"?>
<testng-results ignored="0" total="1" passed="1" failed="0" skipped="0">
  <reporter-output>
  </reporter-output>
  <suite started-at="2022-02-01T17:30:17 IST" name="Default suite" finished-at="2022-02-01T17:30:17 IST" duration-ms="140">
    <groups>
    </groups>
    <test started-at="2022-02-01T17:30:17 IST" name="Default test" finished-at="2022-02-01T17:30:17 IST" duration-ms="140">
      <class name="com.vtiger.ProdVendTest.Create_DummyTest">
        <test-method signature="testing()[pri:0, instance:com.vtiger.ProdVendTest.Create_DummyTest@48974e45]" started-at="2022-02-01T17:30:17 IST" name="testing" finished-at="2022-02-01T17:30:17 IST" duration-ms="22" status="PASS">
          <reporter-output>
          </reporter-output>
        </test-method> <!-- testing -->
      </class> <!-- com.vtiger.ProdVendTest.Create_DummyTest -->
    </test> <!-- Default test -->
  </suite> <!-- Default suite -->
</testng-results>
