<?xml version="1.0" encoding="UTF-8"?>
<testng-results ignored="4" total="7" passed="3" failed="0" skipped="0">
  <reporter-output>
    <line>
      <![CDATA[Product and Vendor Linked]]>
    </line>
  </reporter-output>
  <suite started-at="2022-02-01T11:13:23 IST" name="Suite" finished-at="2022-02-01T11:14:53 IST" duration-ms="90170">
    <groups>
    </groups>
    <test started-at="2022-02-01T11:13:23 IST" name="Test" finished-at="2022-02-01T11:14:53 IST" duration-ms="90170">
      <class name="com.vtiger.ProdVendTest.CreateProductTest">
        <test-method is-config="true" signature="openBrowser(java.lang.String)[pri:0, instance:com.vtiger.ProdVendTest.CreateProductTest@209da20d]" started-at="2022-02-01T11:14:07 IST" name="openBrowser" finished-at="2022-02-01T11:14:09 IST" duration-ms="1408" status="PASS">
          <params>
            <param index="0">
              <value>
                <![CDATA[chrome]]>
              </value>
            </param>
          </params>
          <reporter-output>
          </reporter-output>
        </test-method> <!-- openBrowser -->
        <test-method is-config="true" signature="loginProcess(java.lang.String,java.lang.String)[pri:0, instance:com.vtiger.ProdVendTest.CreateProductTest@209da20d]" started-at="2022-02-01T11:14:09 IST" name="loginProcess" finished-at="2022-02-01T11:14:13 IST" duration-ms="4505" status="PASS">
          <params>
            <param index="0">
              <value>
                <![CDATA[admin]]>
              </value>
            </param>
            <param index="1">
              <value>
                <![CDATA[admin]]>
              </value>
            </param>
          </params>
          <reporter-output>
          </reporter-output>
        </test-method> <!-- loginProcess -->
        <test-method signature="productCreateTest()[pri:0, instance:com.vtiger.ProdVendTest.CreateProductTest@209da20d]" started-at="2022-02-01T11:14:13 IST" name="productCreateTest" finished-at="2022-02-01T11:14:24 IST" duration-ms="10996" status="PASS">
          <reporter-output>
          </reporter-output>
        </test-method> <!-- productCreateTest -->
        <test-method is-config="true" signature="logoutProcess()[pri:0, instance:com.vtiger.ProdVendTest.CreateProductTest@209da20d]" started-at="2022-02-01T11:14:24 IST" name="logoutProcess" finished-at="2022-02-01T11:14:26 IST" duration-ms="1629" status="PASS">
          <reporter-output>
          </reporter-output>
        </test-method> <!-- logoutProcess -->
        <test-method is-config="true" signature="closeBrowser()[pri:0, instance:com.vtiger.ProdVendTest.CreateProductTest@209da20d]" started-at="2022-02-01T11:14:26 IST" name="closeBrowser" finished-at="2022-02-01T11:14:26 IST" duration-ms="98" status="PASS">
          <reporter-output>
          </reporter-output>
        </test-method> <!-- closeBrowser -->
      </class> <!-- com.vtiger.ProdVendTest.CreateProductTest -->
      <class name="com.vtiger.ProdVendTest.CreateProVenEndtoEndTest">
        <test-method is-config="true" signature="openBrowser(java.lang.String)[pri:0, instance:com.vtiger.ProdVendTest.CreateProVenEndtoEndTest@e15b7e8]" started-at="2022-02-01T11:14:26 IST" name="openBrowser" finished-at="2022-02-01T11:14:27 IST" duration-ms="1224" status="PASS">
          <params>
            <param index="0">
              <value>
                <![CDATA[chrome]]>
              </value>
            </param>
          </params>
          <reporter-output>
          </reporter-output>
        </test-method> <!-- openBrowser -->
        <test-method is-config="true" signature="loginProcess(java.lang.String,java.lang.String)[pri:0, instance:com.vtiger.ProdVendTest.CreateProVenEndtoEndTest@e15b7e8]" started-at="2022-02-01T11:14:27 IST" name="loginProcess" finished-at="2022-02-01T11:14:32 IST" duration-ms="4465" status="PASS">
          <params>
            <param index="0">
              <value>
                <![CDATA[admin]]>
              </value>
            </param>
            <param index="1">
              <value>
                <![CDATA[admin]]>
              </value>
            </param>
          </params>
          <reporter-output>
          </reporter-output>
        </test-method> <!-- loginProcess -->
        <test-method signature="vendorCreate()[pri:0, instance:com.vtiger.ProdVendTest.CreateProVenEndtoEndTest@e15b7e8]" started-at="2022-02-01T11:14:32 IST" name="vendorCreate" finished-at="2022-02-01T11:14:51 IST" duration-ms="19227" status="PASS">
          <reporter-output>
            <line>
              <![CDATA[Product and Vendor Linked]]>
            </line>
          </reporter-output>
        </test-method> <!-- vendorCreate -->
        <test-method is-config="true" signature="logoutProcess()[pri:0, instance:com.vtiger.ProdVendTest.CreateProVenEndtoEndTest@e15b7e8]" started-at="2022-02-01T11:14:51 IST" name="logoutProcess" finished-at="2022-02-01T11:14:53 IST" duration-ms="2276" status="PASS">
          <reporter-output>
          </reporter-output>
        </test-method> <!-- logoutProcess -->
        <test-method is-config="true" signature="closeBrowser()[pri:0, instance:com.vtiger.ProdVendTest.CreateProVenEndtoEndTest@e15b7e8]" started-at="2022-02-01T11:14:53 IST" name="closeBrowser" finished-at="2022-02-01T11:14:53 IST" duration-ms="169" status="PASS">
          <reporter-output>
          </reporter-output>
        </test-method> <!-- closeBrowser -->
      </class> <!-- com.vtiger.ProdVendTest.CreateProVenEndtoEndTest -->
      <class name="com.vtiger.ProdVendTest.CreateVendorTest">
        <test-method is-config="true" signature="dbConnection()[pri:0, instance:com.vtiger.ProdVendTest.CreateVendorTest@5ba3f27a]" started-at="2022-02-01T11:13:23 IST" name="dbConnection" finished-at="2022-02-01T11:13:23 IST" duration-ms="98" status="PASS">
          <reporter-output>
          </reporter-output>
        </test-method> <!-- dbConnection -->
        <test-method is-config="true" signature="openBrowser(java.lang.String)[pri:0, instance:com.vtiger.ProdVendTest.CreateVendorTest@5ba3f27a]" started-at="2022-02-01T11:13:23 IST" name="openBrowser" finished-at="2022-02-01T11:13:26 IST" duration-ms="2842" status="PASS">
          <params>
            <param index="0">
              <value>
                <![CDATA[chrome]]>
              </value>
            </param>
          </params>
          <reporter-output>
          </reporter-output>
        </test-method> <!-- openBrowser -->
        <test-method is-config="true" signature="loginProcess(java.lang.String,java.lang.String)[pri:0, instance:com.vtiger.ProdVendTest.CreateVendorTest@5ba3f27a]" started-at="2022-02-01T11:13:26 IST" name="loginProcess" finished-at="2022-02-01T11:13:40 IST" duration-ms="14139" status="PASS">
          <params>
            <param index="0">
              <value>
                <![CDATA[admin]]>
              </value>
            </param>
            <param index="1">
              <value>
                <![CDATA[admin]]>
              </value>
            </param>
          </params>
          <reporter-output>
          </reporter-output>
        </test-method> <!-- loginProcess -->
        <test-method signature="vendorCreateTest()[pri:0, instance:com.vtiger.ProdVendTest.CreateVendorTest@5ba3f27a]" started-at="2022-02-01T11:13:40 IST" name="vendorCreateTest" finished-at="2022-02-01T11:14:05 IST" duration-ms="24899" status="PASS">
          <reporter-output>
          </reporter-output>
        </test-method> <!-- vendorCreateTest -->
        <test-method is-config="true" signature="logoutProcess()[pri:0, instance:com.vtiger.ProdVendTest.CreateVendorTest@5ba3f27a]" started-at="2022-02-01T11:14:05 IST" name="logoutProcess" finished-at="2022-02-01T11:14:07 IST" duration-ms="2029" status="PASS">
          <reporter-output>
          </reporter-output>
        </test-method> <!-- logoutProcess -->
        <test-method is-config="true" signature="closeBrowser()[pri:0, instance:com.vtiger.ProdVendTest.CreateVendorTest@5ba3f27a]" started-at="2022-02-01T11:14:07 IST" name="closeBrowser" finished-at="2022-02-01T11:14:07 IST" duration-ms="174" status="PASS">
          <reporter-output>
          </reporter-output>
        </test-method> <!-- closeBrowser -->
        <test-method is-config="true" signature="dbDisConnection()[pri:0, instance:com.vtiger.ProdVendTest.CreateVendorTest@5ba3f27a]" started-at="2022-02-01T11:14:54 IST" name="dbDisConnection" finished-at="2022-02-01T11:14:54 IST" duration-ms="0" status="PASS">
          <reporter-output>
          </reporter-output>
        </test-method> <!-- dbDisConnection -->
      </class> <!-- com.vtiger.ProdVendTest.CreateVendorTest -->
    </test> <!-- Test -->
  </suite> <!-- Suite -->
</testng-results>
